2021-01-07 00:18:25 =ERROR REPORT====
** Generic server consumer_server terminating 
** Last message in was {init,"gholi"}
** When Server state == {[<0.340.0>],[]}
** Reason for termination ==
** {badarg,[{erlang,spawn,[init_consuming_handler,[<0.351.0>,"gholi"]],[{file,"erlang.erl"},{line,2865}]},{rabbitmq,start_consuming_handler,2,[{file,"c:/Users/Sina/IdeaProjects/uniSup/erlang_server/src/rabbitmq.erl"},{line,27}]},{rabbitmq,consume,2,[{file,"c:/Users/Sina/IdeaProjects/uniSup/erlang_server/src/rabbitmq.erl"},{line,67}]},{rabbitmq,handle_call,3,[{file,"c:/Users/Sina/IdeaProjects/uniSup/erlang_server/src/rabbitmq.erl"},{line,49}]},{gen_server,try_handle_call,4,[{file,"gen_server.erl"},{line,715}]},{gen_server,handle_msg,6,[{file,"gen_server.erl"},{line,744}]},{proc_lib,init_p_do_apply,3,[{file,"proc_lib.erl"},{line,226}]}]}
** Client <0.266.0> stacktrace
** [{gen,do_call,4,[{file,"gen.erl"},{line,208}]},{gen_server,call,2,[{file,"gen_server.erl"},{line,234}]},{erl_eval,do_apply,6,[{file,"erl_eval.erl"},{line,684}]},{shell,exprs,7,[{file,"shell.erl"},{line,686}]},{shell,eval_exprs,7,[{file,"shell.erl"},{line,642}]},{shell,eval_loop,3,[{file,"shell.erl"},{line,627}]}]
2021-01-07 00:18:25 =CRASH REPORT====
  crasher:
    initial call: rabbitmq:init/1
    pid: <0.337.0>
    registered_name: consumer_server
    exception error: bad argument: [{erlang,spawn,[init_consuming_handler,[<0.351.0>,"gholi"]],[{file,"erlang.erl"},{line,2865}]},{rabbitmq,start_consuming_handler,2,[{file,"c:/Users/Sina/IdeaProjects/uniSup/erlang_server/src/rabbitmq.erl"},{line,27}]},{rabbitmq,consume,2,[{file,"c:/Users/Sina/IdeaProjects/uniSup/erlang_server/src/rabbitmq.erl"},{line,67}]},{rabbitmq,handle_call,3,[{file,"c:/Users/Sina/IdeaProjects/uniSup/erlang_server/src/rabbitmq.erl"},{line,49}]},{gen_server,try_handle_call,4,[{file,"gen_server.erl"},{line,715}]},{gen_server,handle_msg,6,[{file,"gen_server.erl"},{line,744}]},{proc_lib,init_p_do_apply,3,[{file,"proc_lib.erl"},{line,226}]}]
    ancestors: [<0.266.0>]
    message_queue_len: 0
    messages: []
    links: []
    dictionary: [{gen_server_call_timeout,60000}]
    trap_exit: false
    status: running
    heap_size: 2586
    stack_size: 28
    reductions: 1285
  neighbours:
2021-01-07 00:22:39 =ERROR REPORT====
Error in process <0.423.0> with exit value:
{badarg,[{erlang,spawn,[loop_consuming,[<0.421.0>]],[{file,"erlang.erl"},{line,2865}]},{rabbitmq,init_consuming_handler,2,[{file,"c:/Users/Sina/IdeaProjects/uniSup/erlang_server/src/rabbitmq.erl"},{line,40}]}]}
2021-01-07 00:34:46 =ERROR REPORT====
** Generic server consumer_server terminating 
** Last message in was {init,"gholi"}
** When Server state == {[<0.340.0>],[],[]}
** Reason for termination ==
** {function_clause,[{rabbitmq,consume,[{[<0.340.0>],[]},"gholi"],[{file,"c:/Users/Sina/IdeaProjects/uniSup/erlang_server/src/rabbitmq.erl"},{line,59}]},{gen_server,try_handle_call,4,[{file,"gen_server.erl"},{line,715}]},{gen_server,handle_msg,6,[{file,"gen_server.erl"},{line,744}]},{proc_lib,init_p_do_apply,3,[{file,"proc_lib.erl"},{line,226}]}]}
** Client <0.266.0> stacktrace
** [{gen,do_call,4,[{file,"gen.erl"},{line,208}]},{gen_server,call,2,[{file,"gen_server.erl"},{line,234}]},{erl_eval,do_apply,6,[{file,"erl_eval.erl"},{line,684}]},{shell,exprs,7,[{file,"shell.erl"},{line,686}]},{shell,eval_exprs,7,[{file,"shell.erl"},{line,642}]},{shell,eval_loop,3,[{file,"shell.erl"},{line,627}]}]
2021-01-07 00:34:46 =CRASH REPORT====
  crasher:
    initial call: rabbitmq:init/1
    pid: <0.337.0>
    registered_name: consumer_server
    exception error: {function_clause,[{rabbitmq,consume,[{[<0.340.0>],[]},"gholi"],[{file,"c:/Users/Sina/IdeaProjects/uniSup/erlang_server/src/rabbitmq.erl"},{line,59}]},{gen_server,try_handle_call,4,[{file,"gen_server.erl"},{line,715}]},{gen_server,handle_msg,6,[{file,"gen_server.erl"},{line,744}]},{proc_lib,init_p_do_apply,3,[{file,"proc_lib.erl"},{line,226}]}]}
    ancestors: [<0.266.0>]
    message_queue_len: 0
    messages: []
    links: []
    dictionary: [{gen_server_call_timeout,60000}]
    trap_exit: false
    status: running
    heap_size: 1598
    stack_size: 28
    reductions: 1082
  neighbours:
2021-01-07 11:16:17 =SUPERVISOR REPORT====
     Supervisor: {<0.349.0>,amqp_channel_sup}
     Context:    child_terminated
     Reason:     {badarg,[{erlang,size,[undefined],[]},{rabbit_framing_amqp_0_9_1,shortstr_size,1,[{file,"c:/Users/Sina/IdeaProjects/uniSup/erlang_server/_build/default/lib/rabbit_common/src/rabbit_framing_amqp_0_9_1.erl"},{line,178}]},{rabbit_framing_amqp_0_9_1,encode_method_fields,1,[{file,"c:/Users/Sina/IdeaProjects/uniSup/erlang_server/_build/default/lib/rabbit_common/src/rabbit_framing_amqp_0_9_1.erl"},{line,1114}]},{rabbit_binary_generator,build_simple_method_frame,3,[{file,"c:/Users/Sina/IdeaProjects/uniSup/erlang_server/_build/default/lib/rabbit_common/src/rabbit_binary_generator.erl"},{line,50}]},{rabbit_writer,internal_send_command_async,2,[{file,"c:/Users/Sina/IdeaProjects/uniSup/erlang_server/_build/default/lib/rabbit_common/src/rabbit_writer.erl"},{line,353}]},{rabbit_writer,handle_message,3,[{file,"c:/Users/Sina/IdeaProjects/uniSup/erlang_server/_build/default/lib/rabbit_common/src/rabbit_writer.erl"},{line,229}]},{rabbit_writer,mainloop1,2,[{file,"c:/Users/Sina/IdeaProjects/uniSup/erlang_server/_build/default/lib/rabbit_common/src/rabbit_writer.erl"},{line,213}]},{rabbit_writer,mainloop,2,[{file,"c:/Users/Sina/IdeaProjects/uniSup/erlang_server/_build/default/lib/rabbit_common/src/rabbit_writer.erl"},{line,204}]}]}
     Offender:   [{pid,<0.352.0>},{name,writer},{mfargs,{rabbit_writer,start_link,[#Port<0.8>,1,131072,rabbit_framing_amqp_0_9_1,<0.351.0>,{<<"client 127.0.0.1:14546 -> 127.0.0.1:5672">>,1},false,1000000000]}},{restart_type,transient},{shutdown,30000},{child_type,worker}]

2021-01-07 11:16:17 =SUPERVISOR REPORT====
     Supervisor: {<0.349.0>,amqp_channel_sup}
     Context:    shutdown
     Reason:     reached_max_restart_intensity
     Offender:   [{pid,<0.352.0>},{name,writer},{mfargs,{rabbit_writer,start_link,[#Port<0.8>,1,131072,rabbit_framing_amqp_0_9_1,<0.351.0>,{<<"client 127.0.0.1:14546 -> 127.0.0.1:5672">>,1},false,1000000000]}},{restart_type,transient},{shutdown,30000},{child_type,worker}]

2021-01-07 11:16:17 =ERROR REPORT====
Error in process <0.352.0> with exit value:
{badarg,[{erlang,size,[undefined],[]},{rabbit_framing_amqp_0_9_1,shortstr_size,1,[{file,"c:/Users/Sina/IdeaProjects/uniSup/erlang_server/_build/default/lib/rabbit_common/src/rabbit_framing_amqp_0_9_1.erl"},{line,178}]},{rabbit_framing_amqp_0_9_1,encode_method_fields,1,[{file,"c:/Users/Sina/IdeaProjects/uniSup/erlang_server/_build/default/lib/rabbit_common/src/rabbit_framing_amqp_0_9_1.erl"},{line,1114}]},{rabbit_binary_generator,build_simple_method_frame,3,[{file,"c:/Users/Sina/IdeaProjects/uniSup/erlang_server/_build/default/lib/rabbit_common/src/rabbit_binary_generator.erl"},{line,50}]},{rabbit_writer,internal_send_command_async,2,[{file,"c:/Users/Sina/IdeaProjects/uniSup/erlang_server/_build/default/lib/rabbit_common/src/rabbit_writer.erl"},{line,353}]},{rabbit_writer,handle_message,3,[{file,"c:/Users/Sina/IdeaProjects/uniSup/erlang_server/_build/default/lib/rabbit_common/src/rabbit_writer.erl"},{line,229}]},{rabbit_writer,mainloop1,2,[{file,"c:/Users/Sina/IdeaProjects/uniSup/erlang_server/_build/default/lib/rabbit_common/src/rabbit_writer.erl"},{line,213}]},{rabbit_writer,mainloop,2,[{file,"c:/Users/Sina/IdeaProjects/uniSup/erlang_server/_build/default/lib/rabbit_common/src/rabbit_writer.erl"},{line,204}]}]}
2021-01-07 11:18:33 =CRASH REPORT====
  crasher:
    initial call: rabbit_writer:enter_mainloop/2
    pid: <0.352.0>
    registered_name: []
    exception error: bad argument: [{erlang,size,[undefined],[]},{rabbit_framing_amqp_0_9_1,shortstr_size,1,[{file,"c:/Users/Sina/IdeaProjects/uniSup/erlang_server/_build/default/lib/rabbit_common/src/rabbit_framing_amqp_0_9_1.erl"},{line,178}]},{rabbit_framing_amqp_0_9_1,encode_method_fields,1,[{file,"c:/Users/Sina/IdeaProjects/uniSup/erlang_server/_build/default/lib/rabbit_common/src/rabbit_framing_amqp_0_9_1.erl"},{line,1114}]},{rabbit_binary_generator,build_simple_method_frame,3,[{file,"c:/Users/Sina/IdeaProjects/uniSup/erlang_server/_build/default/lib/rabbit_common/src/rabbit_binary_generator.erl"},{line,50}]},{rabbit_writer,internal_send_command_async,2,[{file,"c:/Users/Sina/IdeaProjects/uniSup/erlang_server/_build/default/lib/rabbit_common/src/rabbit_writer.erl"},{line,353}]},{rabbit_writer,handle_message,3,[{file,"c:/Users/Sina/IdeaProjects/uniSup/erlang_server/_build/default/lib/rabbit_common/src/rabbit_writer.erl"},{line,229}]},{rabbit_writer,mainloop1,2,[{file,"c:/Users/Sina/IdeaProjects/uniSup/erlang_server/_build/default/lib/rabbit_common/src/rabbit_writer.erl"},{line,213}]},{rabbit_writer,mainloop,2,[{file,"c:/Users/Sina/IdeaProjects/uniSup/erlang_server/_build/default/lib/rabbit_common/src/rabbit_writer.erl"},{line,204}]}]
    ancestors: [<0.349.0>,<0.343.0>,<0.339.0>,<0.338.0>,amqp_sup,<0.330.0>]
    message_queue_len: 0
    messages: []
    links: [<0.349.0>]
    dictionary: [{process_name,{rabbit_writer,{<<"client 127.0.0.1:14585 -> 127.0.0.1:5672">>,1}}}]
    trap_exit: false
    status: running
    heap_size: 2586
    stack_size: 28
    reductions: 674
  neighbours:
2021-01-07 11:18:33 =SUPERVISOR REPORT====
     Supervisor: {<0.349.0>,amqp_channel_sup}
     Context:    child_terminated
     Reason:     {badarg,[{erlang,size,[undefined],[]},{rabbit_framing_amqp_0_9_1,shortstr_size,1,[{file,"c:/Users/Sina/IdeaProjects/uniSup/erlang_server/_build/default/lib/rabbit_common/src/rabbit_framing_amqp_0_9_1.erl"},{line,178}]},{rabbit_framing_amqp_0_9_1,encode_method_fields,1,[{file,"c:/Users/Sina/IdeaProjects/uniSup/erlang_server/_build/default/lib/rabbit_common/src/rabbit_framing_amqp_0_9_1.erl"},{line,1114}]},{rabbit_binary_generator,build_simple_method_frame,3,[{file,"c:/Users/Sina/IdeaProjects/uniSup/erlang_server/_build/default/lib/rabbit_common/src/rabbit_binary_generator.erl"},{line,50}]},{rabbit_writer,internal_send_command_async,2,[{file,"c:/Users/Sina/IdeaProjects/uniSup/erlang_server/_build/default/lib/rabbit_common/src/rabbit_writer.erl"},{line,353}]},{rabbit_writer,handle_message,3,[{file,"c:/Users/Sina/IdeaProjects/uniSup/erlang_server/_build/default/lib/rabbit_common/src/rabbit_writer.erl"},{line,229}]},{rabbit_writer,mainloop1,2,[{file,"c:/Users/Sina/IdeaProjects/uniSup/erlang_server/_build/default/lib/rabbit_common/src/rabbit_writer.erl"},{line,213}]},{rabbit_writer,mainloop,2,[{file,"c:/Users/Sina/IdeaProjects/uniSup/erlang_server/_build/default/lib/rabbit_common/src/rabbit_writer.erl"},{line,204}]}]}
     Offender:   [{pid,<0.352.0>},{name,writer},{mfargs,{rabbit_writer,start_link,[#Port<0.8>,1,131072,rabbit_framing_amqp_0_9_1,<0.351.0>,{<<"client 127.0.0.1:14585 -> 127.0.0.1:5672">>,1},false,1000000000]}},{restart_type,transient},{shutdown,30000},{child_type,worker}]

2021-01-07 11:18:33 =SUPERVISOR REPORT====
     Supervisor: {<0.349.0>,amqp_channel_sup}
     Context:    shutdown
     Reason:     reached_max_restart_intensity
     Offender:   [{pid,<0.352.0>},{name,writer},{mfargs,{rabbit_writer,start_link,[#Port<0.8>,1,131072,rabbit_framing_amqp_0_9_1,<0.351.0>,{<<"client 127.0.0.1:14585 -> 127.0.0.1:5672">>,1},false,1000000000]}},{restart_type,transient},{shutdown,30000},{child_type,worker}]

2021-01-07 11:20:20 =CRASH REPORT====
  crasher:
    initial call: rabbit_writer:enter_mainloop/2
    pid: <0.352.0>
    registered_name: []
    exception error: bad argument: [{erlang,size,[undefined],[]},{rabbit_framing_amqp_0_9_1,shortstr_size,1,[{file,"c:/Users/Sina/IdeaProjects/uniSup/erlang_server/_build/default/lib/rabbit_common/src/rabbit_framing_amqp_0_9_1.erl"},{line,178}]},{rabbit_framing_amqp_0_9_1,encode_method_fields,1,[{file,"c:/Users/Sina/IdeaProjects/uniSup/erlang_server/_build/default/lib/rabbit_common/src/rabbit_framing_amqp_0_9_1.erl"},{line,1114}]},{rabbit_binary_generator,build_simple_method_frame,3,[{file,"c:/Users/Sina/IdeaProjects/uniSup/erlang_server/_build/default/lib/rabbit_common/src/rabbit_binary_generator.erl"},{line,50}]},{rabbit_writer,internal_send_command_async,2,[{file,"c:/Users/Sina/IdeaProjects/uniSup/erlang_server/_build/default/lib/rabbit_common/src/rabbit_writer.erl"},{line,353}]},{rabbit_writer,handle_message,3,[{file,"c:/Users/Sina/IdeaProjects/uniSup/erlang_server/_build/default/lib/rabbit_common/src/rabbit_writer.erl"},{line,229}]},{rabbit_writer,mainloop1,2,[{file,"c:/Users/Sina/IdeaProjects/uniSup/erlang_server/_build/default/lib/rabbit_common/src/rabbit_writer.erl"},{line,213}]},{rabbit_writer,mainloop,2,[{file,"c:/Users/Sina/IdeaProjects/uniSup/erlang_server/_build/default/lib/rabbit_common/src/rabbit_writer.erl"},{line,204}]}]
    ancestors: [<0.349.0>,<0.343.0>,<0.339.0>,<0.338.0>,amqp_sup,<0.330.0>]
    message_queue_len: 0
    messages: []
    links: [<0.349.0>]
    dictionary: [{process_name,{rabbit_writer,{<<"client 127.0.0.1:14600 -> 127.0.0.1:5672">>,1}}}]
    trap_exit: false
    status: running
    heap_size: 2586
    stack_size: 28
    reductions: 674
  neighbours:
2021-01-07 11:20:20 =SUPERVISOR REPORT====
     Supervisor: {<0.349.0>,amqp_channel_sup}
     Context:    child_terminated
     Reason:     {badarg,[{erlang,size,[undefined],[]},{rabbit_framing_amqp_0_9_1,shortstr_size,1,[{file,"c:/Users/Sina/IdeaProjects/uniSup/erlang_server/_build/default/lib/rabbit_common/src/rabbit_framing_amqp_0_9_1.erl"},{line,178}]},{rabbit_framing_amqp_0_9_1,encode_method_fields,1,[{file,"c:/Users/Sina/IdeaProjects/uniSup/erlang_server/_build/default/lib/rabbit_common/src/rabbit_framing_amqp_0_9_1.erl"},{line,1114}]},{rabbit_binary_generator,build_simple_method_frame,3,[{file,"c:/Users/Sina/IdeaProjects/uniSup/erlang_server/_build/default/lib/rabbit_common/src/rabbit_binary_generator.erl"},{line,50}]},{rabbit_writer,internal_send_command_async,2,[{file,"c:/Users/Sina/IdeaProjects/uniSup/erlang_server/_build/default/lib/rabbit_common/src/rabbit_writer.erl"},{line,353}]},{rabbit_writer,handle_message,3,[{file,"c:/Users/Sina/IdeaProjects/uniSup/erlang_server/_build/default/lib/rabbit_common/src/rabbit_writer.erl"},{line,229}]},{rabbit_writer,mainloop1,2,[{file,"c:/Users/Sina/IdeaProjects/uniSup/erlang_server/_build/default/lib/rabbit_common/src/rabbit_writer.erl"},{line,213}]},{rabbit_writer,mainloop,2,[{file,"c:/Users/Sina/IdeaProjects/uniSup/erlang_server/_build/default/lib/rabbit_common/src/rabbit_writer.erl"},{line,204}]}]}
     Offender:   [{pid,<0.352.0>},{name,writer},{mfargs,{rabbit_writer,start_link,[#Port<0.8>,1,131072,rabbit_framing_amqp_0_9_1,<0.351.0>,{<<"client 127.0.0.1:14600 -> 127.0.0.1:5672">>,1},false,1000000000]}},{restart_type,transient},{shutdown,30000},{child_type,worker}]

2021-01-07 11:20:20 =SUPERVISOR REPORT====
     Supervisor: {<0.349.0>,amqp_channel_sup}
     Context:    shutdown
     Reason:     reached_max_restart_intensity
     Offender:   [{pid,<0.352.0>},{name,writer},{mfargs,{rabbit_writer,start_link,[#Port<0.8>,1,131072,rabbit_framing_amqp_0_9_1,<0.351.0>,{<<"client 127.0.0.1:14600 -> 127.0.0.1:5672">>,1},false,1000000000]}},{restart_type,transient},{shutdown,30000},{child_type,worker}]

2021-01-07 11:37:06 =CRASH REPORT====
  crasher:
    initial call: rabbit_writer:enter_mainloop/2
    pid: <0.352.0>
    registered_name: []
    exception error: bad argument: [{erlang,size,[undefined],[]},{rabbit_framing_amqp_0_9_1,shortstr_size,1,[{file,"c:/Users/Sina/IdeaProjects/uniSup/erlang_server/_build/default/lib/rabbit_common/src/rabbit_framing_amqp_0_9_1.erl"},{line,178}]},{rabbit_framing_amqp_0_9_1,encode_method_fields,1,[{file,"c:/Users/Sina/IdeaProjects/uniSup/erlang_server/_build/default/lib/rabbit_common/src/rabbit_framing_amqp_0_9_1.erl"},{line,1118}]},{rabbit_binary_generator,build_simple_method_frame,3,[{file,"c:/Users/Sina/IdeaProjects/uniSup/erlang_server/_build/default/lib/rabbit_common/src/rabbit_binary_generator.erl"},{line,50}]},{rabbit_writer,internal_send_command_async,2,[{file,"c:/Users/Sina/IdeaProjects/uniSup/erlang_server/_build/default/lib/rabbit_common/src/rabbit_writer.erl"},{line,353}]},{rabbit_writer,handle_message,3,[{file,"c:/Users/Sina/IdeaProjects/uniSup/erlang_server/_build/default/lib/rabbit_common/src/rabbit_writer.erl"},{line,229}]},{rabbit_writer,mainloop1,2,[{file,"c:/Users/Sina/IdeaProjects/uniSup/erlang_server/_build/default/lib/rabbit_common/src/rabbit_writer.erl"},{line,213}]},{rabbit_writer,mainloop,2,[{file,"c:/Users/Sina/IdeaProjects/uniSup/erlang_server/_build/default/lib/rabbit_common/src/rabbit_writer.erl"},{line,204}]}]
    ancestors: [<0.349.0>,<0.343.0>,<0.339.0>,<0.338.0>,amqp_sup,<0.330.0>]
    message_queue_len: 0
    messages: []
    links: [<0.349.0>]
    dictionary: [{process_name,{rabbit_writer,{<<"client 127.0.0.1:14822 -> 127.0.0.1:5672">>,1}}}]
    trap_exit: false
    status: running
    heap_size: 2586
    stack_size: 28
    reductions: 674
  neighbours:
2021-01-07 11:37:06 =SUPERVISOR REPORT====
     Supervisor: {<0.349.0>,amqp_channel_sup}
     Context:    child_terminated
     Reason:     {badarg,[{erlang,size,[undefined],[]},{rabbit_framing_amqp_0_9_1,shortstr_size,1,[{file,"c:/Users/Sina/IdeaProjects/uniSup/erlang_server/_build/default/lib/rabbit_common/src/rabbit_framing_amqp_0_9_1.erl"},{line,178}]},{rabbit_framing_amqp_0_9_1,encode_method_fields,1,[{file,"c:/Users/Sina/IdeaProjects/uniSup/erlang_server/_build/default/lib/rabbit_common/src/rabbit_framing_amqp_0_9_1.erl"},{line,1118}]},{rabbit_binary_generator,build_simple_method_frame,3,[{file,"c:/Users/Sina/IdeaProjects/uniSup/erlang_server/_build/default/lib/rabbit_common/src/rabbit_binary_generator.erl"},{line,50}]},{rabbit_writer,internal_send_command_async,2,[{file,"c:/Users/Sina/IdeaProjects/uniSup/erlang_server/_build/default/lib/rabbit_common/src/rabbit_writer.erl"},{line,353}]},{rabbit_writer,handle_message,3,[{file,"c:/Users/Sina/IdeaProjects/uniSup/erlang_server/_build/default/lib/rabbit_common/src/rabbit_writer.erl"},{line,229}]},{rabbit_writer,mainloop1,2,[{file,"c:/Users/Sina/IdeaProjects/uniSup/erlang_server/_build/default/lib/rabbit_common/src/rabbit_writer.erl"},{line,213}]},{rabbit_writer,mainloop,2,[{file,"c:/Users/Sina/IdeaProjects/uniSup/erlang_server/_build/default/lib/rabbit_common/src/rabbit_writer.erl"},{line,204}]}]}
     Offender:   [{pid,<0.352.0>},{name,writer},{mfargs,{rabbit_writer,start_link,[#Port<0.8>,1,131072,rabbit_framing_amqp_0_9_1,<0.351.0>,{<<"client 127.0.0.1:14822 -> 127.0.0.1:5672">>,1},false,1000000000]}},{restart_type,transient},{shutdown,30000},{child_type,worker}]

2021-01-07 11:37:06 =SUPERVISOR REPORT====
     Supervisor: {<0.349.0>,amqp_channel_sup}
     Context:    shutdown
     Reason:     reached_max_restart_intensity
     Offender:   [{pid,<0.352.0>},{name,writer},{mfargs,{rabbit_writer,start_link,[#Port<0.8>,1,131072,rabbit_framing_amqp_0_9_1,<0.351.0>,{<<"client 127.0.0.1:14822 -> 127.0.0.1:5672">>,1},false,1000000000]}},{restart_type,transient},{shutdown,30000},{child_type,worker}]

2021-01-07 11:37:57 =CRASH REPORT====
  crasher:
    initial call: rabbit_writer:enter_mainloop/2
    pid: <0.352.0>
    registered_name: []
    exception error: bad argument: [{erlang,size,[undefined],[]},{rabbit_framing_amqp_0_9_1,shortstr_size,1,[{file,"c:/Users/Sina/IdeaProjects/uniSup/erlang_server/_build/default/lib/rabbit_common/src/rabbit_framing_amqp_0_9_1.erl"},{line,178}]},{rabbit_framing_amqp_0_9_1,encode_method_fields,1,[{file,"c:/Users/Sina/IdeaProjects/uniSup/erlang_server/_build/default/lib/rabbit_common/src/rabbit_framing_amqp_0_9_1.erl"},{line,1118}]},{rabbit_binary_generator,build_simple_method_frame,3,[{file,"c:/Users/Sina/IdeaProjects/uniSup/erlang_server/_build/default/lib/rabbit_common/src/rabbit_binary_generator.erl"},{line,50}]},{rabbit_writer,internal_send_command_async,2,[{file,"c:/Users/Sina/IdeaProjects/uniSup/erlang_server/_build/default/lib/rabbit_common/src/rabbit_writer.erl"},{line,353}]},{rabbit_writer,handle_message,3,[{file,"c:/Users/Sina/IdeaProjects/uniSup/erlang_server/_build/default/lib/rabbit_common/src/rabbit_writer.erl"},{line,229}]},{rabbit_writer,mainloop1,2,[{file,"c:/Users/Sina/IdeaProjects/uniSup/erlang_server/_build/default/lib/rabbit_common/src/rabbit_writer.erl"},{line,213}]},{rabbit_writer,mainloop,2,[{file,"c:/Users/Sina/IdeaProjects/uniSup/erlang_server/_build/default/lib/rabbit_common/src/rabbit_writer.erl"},{line,204}]}]
    ancestors: [<0.349.0>,<0.343.0>,<0.339.0>,<0.338.0>,amqp_sup,<0.330.0>]
    message_queue_len: 0
    messages: []
    links: [<0.349.0>]
    dictionary: [{process_name,{rabbit_writer,{<<"client 127.0.0.1:14839 -> 127.0.0.1:5672">>,1}}}]
    trap_exit: false
    status: running
    heap_size: 2586
    stack_size: 28
    reductions: 674
  neighbours:
2021-01-07 11:37:57 =SUPERVISOR REPORT====
     Supervisor: {<0.349.0>,amqp_channel_sup}
     Context:    child_terminated
     Reason:     {badarg,[{erlang,size,[undefined],[]},{rabbit_framing_amqp_0_9_1,shortstr_size,1,[{file,"c:/Users/Sina/IdeaProjects/uniSup/erlang_server/_build/default/lib/rabbit_common/src/rabbit_framing_amqp_0_9_1.erl"},{line,178}]},{rabbit_framing_amqp_0_9_1,encode_method_fields,1,[{file,"c:/Users/Sina/IdeaProjects/uniSup/erlang_server/_build/default/lib/rabbit_common/src/rabbit_framing_amqp_0_9_1.erl"},{line,1118}]},{rabbit_binary_generator,build_simple_method_frame,3,[{file,"c:/Users/Sina/IdeaProjects/uniSup/erlang_server/_build/default/lib/rabbit_common/src/rabbit_binary_generator.erl"},{line,50}]},{rabbit_writer,internal_send_command_async,2,[{file,"c:/Users/Sina/IdeaProjects/uniSup/erlang_server/_build/default/lib/rabbit_common/src/rabbit_writer.erl"},{line,353}]},{rabbit_writer,handle_message,3,[{file,"c:/Users/Sina/IdeaProjects/uniSup/erlang_server/_build/default/lib/rabbit_common/src/rabbit_writer.erl"},{line,229}]},{rabbit_writer,mainloop1,2,[{file,"c:/Users/Sina/IdeaProjects/uniSup/erlang_server/_build/default/lib/rabbit_common/src/rabbit_writer.erl"},{line,213}]},{rabbit_writer,mainloop,2,[{file,"c:/Users/Sina/IdeaProjects/uniSup/erlang_server/_build/default/lib/rabbit_common/src/rabbit_writer.erl"},{line,204}]}]}
     Offender:   [{pid,<0.352.0>},{name,writer},{mfargs,{rabbit_writer,start_link,[#Port<0.8>,1,131072,rabbit_framing_amqp_0_9_1,<0.351.0>,{<<"client 127.0.0.1:14839 -> 127.0.0.1:5672">>,1},false,1000000000]}},{restart_type,transient},{shutdown,30000},{child_type,worker}]

2021-01-07 11:37:57 =SUPERVISOR REPORT====
     Supervisor: {<0.349.0>,amqp_channel_sup}
     Context:    shutdown
     Reason:     reached_max_restart_intensity
     Offender:   [{pid,<0.352.0>},{name,writer},{mfargs,{rabbit_writer,start_link,[#Port<0.8>,1,131072,rabbit_framing_amqp_0_9_1,<0.351.0>,{<<"client 127.0.0.1:14839 -> 127.0.0.1:5672">>,1},false,1000000000]}},{restart_type,transient},{shutdown,30000},{child_type,worker}]

2021-01-07 11:47:22 =ERROR REPORT====
** Generic server consumer_server terminating 
** Last message in was {remove_channel,<0.351.0>,<0.353.0>}
** When Server state == {[<0.340.0>],[<0.351.0>],[<0.353.0>]}
** Reason for termination ==
** {function_clause,[{lists,delete,[[<0.353.0>],<0.353.0>],[{file,"lists.erl"},{line,376}]},{rabbitmq,handle_call,3,[{file,"c:/Users/Sina/IdeaProjects/uniSup/erlang_server/src/rabbitmq.erl"},{line,55}]},{gen_server,try_handle_call,4,[{file,"gen_server.erl"},{line,715}]},{gen_server,handle_msg,6,[{file,"gen_server.erl"},{line,744}]},{proc_lib,init_p_do_apply,3,[{file,"proc_lib.erl"},{line,226}]}]}
** Client <0.353.0> stacktrace
** [{gen,do_call,4,[{file,"gen.erl"},{line,208}]},{gen_server,call,2,[{file,"gen_server.erl"},{line,234}]},{rabbitmq,loop_consuming,2,[{file,"c:/Users/Sina/IdeaProjects/uniSup/erlang_server/src/rabbitmq.erl"},{line,107}]}]
2021-01-07 11:47:22 =CRASH REPORT====
  crasher:
    initial call: rabbitmq:init/1
    pid: <0.337.0>
    registered_name: consumer_server
    exception error: {function_clause,[{lists,delete,[[<0.353.0>],<0.353.0>],[{file,"lists.erl"},{line,376}]},{rabbitmq,handle_call,3,[{file,"c:/Users/Sina/IdeaProjects/uniSup/erlang_server/src/rabbitmq.erl"},{line,55}]},{gen_server,try_handle_call,4,[{file,"gen_server.erl"},{line,715}]},{gen_server,handle_msg,6,[{file,"gen_server.erl"},{line,744}]},{proc_lib,init_p_do_apply,3,[{file,"proc_lib.erl"},{line,226}]}]}
    ancestors: [<0.266.0>]
    message_queue_len: 0
    messages: []
    links: []
    dictionary: [{rand_seed,{#{bits => 58,jump => #Fun<rand.3.47293030>,next => #Fun<rand.0.47293030>,type => exsss,uniform => #Fun<rand.1.47293030>,uniform_n => #Fun<rand.2.47293030>},[17263571788761678|262030547747488220]}},{gen_server_call_timeout,60000}]
    trap_exit: false
    status: running
    heap_size: 2586
    stack_size: 28
    reductions: 1350
  neighbours:
2021-01-07 14:46:06 =ERROR REPORT====
** Generic server rabbitmq_server terminating 
** Last message in was {start_consumer,"gholi"}
** When Server state == {[<0.340.0>],[],[]}
** Reason for termination ==
** {function_clause,[{rabbitmq,handle_call,[{start_consumer,"gholi"},{<0.266.0>,#Ref<0.1448953890.1718353921.135064>},{[<0.340.0>],[],[]}],[{file,"c:/Users/Sina/IdeaProjects/uniSup/erlang_server/src/rabbitmq.erl"},{line,66}]},{gen_server,try_handle_call,4,[{file,"gen_server.erl"},{line,715}]},{gen_server,handle_msg,6,[{file,"gen_server.erl"},{line,744}]},{proc_lib,init_p_do_apply,3,[{file,"proc_lib.erl"},{line,226}]}]}
** Client <0.266.0> stacktrace
** [{gen,do_call,4,[{file,"gen.erl"},{line,208}]},{gen_server,call,2,[{file,"gen_server.erl"},{line,234}]},{erl_eval,do_apply,6,[{file,"erl_eval.erl"},{line,684}]},{shell,exprs,7,[{file,"shell.erl"},{line,686}]},{shell,eval_exprs,7,[{file,"shell.erl"},{line,642}]},{shell,eval_loop,3,[{file,"shell.erl"},{line,627}]}]
2021-01-07 14:46:06 =CRASH REPORT====
  crasher:
    initial call: rabbitmq:init/1
    pid: <0.337.0>
    registered_name: rabbitmq_server
    exception error: {function_clause,[{rabbitmq,handle_call,[{start_consumer,"gholi"},{<0.266.0>,#Ref<0.1448953890.1718353921.135064>},{[<0.340.0>],[],[]}],[{file,"c:/Users/Sina/IdeaProjects/uniSup/erlang_server/src/rabbitmq.erl"},{line,66}]},{gen_server,try_handle_call,4,[{file,"gen_server.erl"},{line,715}]},{gen_server,handle_msg,6,[{file,"gen_server.erl"},{line,744}]},{proc_lib,init_p_do_apply,3,[{file,"proc_lib.erl"},{line,226}]}]}
    ancestors: [<0.266.0>]
    message_queue_len: 0
    messages: []
    links: []
    dictionary: [{gen_server_call_timeout,60000}]
    trap_exit: false
    status: running
    heap_size: 1598
    stack_size: 28
    reductions: 1103
  neighbours:
2021-01-07 14:47:40 =ERROR REPORT====
** Generic server rabbitmq_server terminating 
** Last message in was {start_consumer,"gholi"}
** When Server state == {[<0.340.0>],[],[]}
** Reason for termination ==
** {badarg,[{erlang,list_to_atom,[<0.353.0>],[]},{rabbitmq,consume,2,[{file,"c:/Users/Sina/IdeaProjects/uniSup/erlang_server/src/rabbitmq.erl"},{line,125}]},{rabbitmq,handle_call,3,[{file,"c:/Users/Sina/IdeaProjects/uniSup/erlang_server/src/rabbitmq.erl"},{line,67}]},{gen_server,try_handle_call,4,[{file,"gen_server.erl"},{line,715}]},{gen_server,handle_msg,6,[{file,"gen_server.erl"},{line,744}]},{proc_lib,init_p_do_apply,3,[{file,"proc_lib.erl"},{line,226}]}]}
** Client <0.266.0> stacktrace
** [{gen,do_call,4,[{file,"gen.erl"},{line,208}]},{gen_server,call,2,[{file,"gen_server.erl"},{line,234}]},{erl_eval,do_apply,6,[{file,"erl_eval.erl"},{line,684}]},{shell,exprs,7,[{file,"shell.erl"},{line,686}]},{shell,eval_exprs,7,[{file,"shell.erl"},{line,642}]},{shell,eval_loop,3,[{file,"shell.erl"},{line,627}]}]
2021-01-07 14:47:40 =CRASH REPORT====
  crasher:
    initial call: rabbitmq:init/1
    pid: <0.337.0>
    registered_name: rabbitmq_server
    exception error: bad argument: [{erlang,list_to_atom,[<0.353.0>],[]},{rabbitmq,consume,2,[{file,"c:/Users/Sina/IdeaProjects/uniSup/erlang_server/src/rabbitmq.erl"},{line,125}]},{rabbitmq,handle_call,3,[{file,"c:/Users/Sina/IdeaProjects/uniSup/erlang_server/src/rabbitmq.erl"},{line,67}]},{gen_server,try_handle_call,4,[{file,"gen_server.erl"},{line,715}]},{gen_server,handle_msg,6,[{file,"gen_server.erl"},{line,744}]},{proc_lib,init_p_do_apply,3,[{file,"proc_lib.erl"},{line,226}]}]
    ancestors: [<0.266.0>]
    message_queue_len: 0
    messages: []
    links: []
    dictionary: [{rand_seed,{#{bits => 58,jump => #Fun<rand.3.47293030>,next => #Fun<rand.0.47293030>,type => exsss,uniform => #Fun<rand.1.47293030>,uniform_n => #Fun<rand.2.47293030>},[203885946575017013|107033281374194228]}},{gen_server_call_timeout,60000}]
    trap_exit: false
    status: running
    heap_size: 1598
    stack_size: 28
    reductions: 1298
  neighbours:
2021-01-07 14:49:25 =ERROR REPORT====
** Generic server rabbitmq_server terminating 
** Last message in was {start_consumer,"gholi"}
** When Server state == {[<0.340.0>],[],[]}
** Reason for termination ==
** {badarg,[{erlang,register,[<0.353.0>,<0.351.0>],[]},{rabbitmq,consume,2,[{file,"c:/Users/Sina/IdeaProjects/uniSup/erlang_server/src/rabbitmq.erl"},{line,125}]},{rabbitmq,handle_call,3,[{file,"c:/Users/Sina/IdeaProjects/uniSup/erlang_server/src/rabbitmq.erl"},{line,67}]},{gen_server,try_handle_call,4,[{file,"gen_server.erl"},{line,715}]},{gen_server,handle_msg,6,[{file,"gen_server.erl"},{line,744}]},{proc_lib,init_p_do_apply,3,[{file,"proc_lib.erl"},{line,226}]}]}
** Client <0.266.0> stacktrace
** [{gen,do_call,4,[{file,"gen.erl"},{line,208}]},{gen_server,call,2,[{file,"gen_server.erl"},{line,234}]},{erl_eval,do_apply,6,[{file,"erl_eval.erl"},{line,684}]},{shell,exprs,7,[{file,"shell.erl"},{line,686}]},{shell,eval_exprs,7,[{file,"shell.erl"},{line,642}]},{shell,eval_loop,3,[{file,"shell.erl"},{line,627}]}]
2021-01-07 14:49:25 =CRASH REPORT====
  crasher:
    initial call: rabbitmq:init/1
    pid: <0.337.0>
    registered_name: rabbitmq_server
    exception error: bad argument: [{erlang,register,[<0.353.0>,<0.351.0>],[]},{rabbitmq,consume,2,[{file,"c:/Users/Sina/IdeaProjects/uniSup/erlang_server/src/rabbitmq.erl"},{line,125}]},{rabbitmq,handle_call,3,[{file,"c:/Users/Sina/IdeaProjects/uniSup/erlang_server/src/rabbitmq.erl"},{line,67}]},{gen_server,try_handle_call,4,[{file,"gen_server.erl"},{line,715}]},{gen_server,handle_msg,6,[{file,"gen_server.erl"},{line,744}]},{proc_lib,init_p_do_apply,3,[{file,"proc_lib.erl"},{line,226}]}]
    ancestors: [<0.266.0>]
    message_queue_len: 0
    messages: []
    links: []
    dictionary: [{rand_seed,{#{bits => 58,jump => #Fun<rand.3.47293030>,next => #Fun<rand.0.47293030>,type => exsss,uniform => #Fun<rand.1.47293030>,uniform_n => #Fun<rand.2.47293030>},[151277524693754868|128312714651903228]}},{gen_server_call_timeout,60000}]
    trap_exit: false
    status: running
    heap_size: 2586
    stack_size: 28
    reductions: 1248
  neighbours:
2021-01-07 17:16:24 =ERROR REPORT====
** Generic server rabbitmq_server terminating 
** Last message in was {push,{"1234","random","gholi","hi there!","now"}}
** When Server state == {[<0.340.0>],[{<0.351.0>,"gholi"}],[{<0.353.0>,"gholi"}]}
** Reason for termination ==
** {badarg,[{erlang,list_to_binary,[<<"gholi">>],[]},{rabbitmq,create_queue,2,[{file,"c:/Users/Sina/IdeaProjects/uniSup/erlang_server/src/rabbitmq.erl"},{line,207}]},{rabbitmq,handle_call,3,[{file,"c:/Users/Sina/IdeaProjects/uniSup/erlang_server/src/rabbitmq.erl"},{line,88}]},{gen_server,try_handle_call,4,[{file,"gen_server.erl"},{line,715}]},{gen_server,handle_msg,6,[{file,"gen_server.erl"},{line,744}]},{proc_lib,init_p_do_apply,3,[{file,"proc_lib.erl"},{line,226}]}]}
** Client <0.266.0> stacktrace
** [{gen,do_call,4,[{file,"gen.erl"},{line,208}]},{gen_server,call,2,[{file,"gen_server.erl"},{line,234}]},{rabbitmq,test_g,0,[{file,"c:/Users/Sina/IdeaProjects/uniSup/erlang_server/src/rabbitmq.erl"},{line,193}]},{erl_eval,do_apply,6,[{file,"erl_eval.erl"},{line,684}]},{shell,exprs,7,[{file,"shell.erl"},{line,686}]},{shell,eval_exprs,7,[{file,"shell.erl"},{line,642}]},{shell,eval_loop,3,[{file,"shell.erl"},{line,627}]}]
2021-01-07 17:16:24 =CRASH REPORT====
  crasher:
    initial call: rabbitmq:init/1
    pid: <0.337.0>
    registered_name: rabbitmq_server
    exception error: bad argument: [{erlang,list_to_binary,[<<"gholi">>],[]},{rabbitmq,create_queue,2,[{file,"c:/Users/Sina/IdeaProjects/uniSup/erlang_server/src/rabbitmq.erl"},{line,207}]},{rabbitmq,handle_call,3,[{file,"c:/Users/Sina/IdeaProjects/uniSup/erlang_server/src/rabbitmq.erl"},{line,88}]},{gen_server,try_handle_call,4,[{file,"gen_server.erl"},{line,715}]},{gen_server,handle_msg,6,[{file,"gen_server.erl"},{line,744}]},{proc_lib,init_p_do_apply,3,[{file,"proc_lib.erl"},{line,226}]}]
    ancestors: [<0.266.0>]
    message_queue_len: 0
    messages: []
    links: []
    dictionary: [{rand_seed,{#{bits => 58,jump => #Fun<rand.3.47293030>,next => #Fun<rand.0.47293030>,type => exsss,uniform => #Fun<rand.1.47293030>,uniform_n => #Fun<rand.2.47293030>},[15659356688790764|4519386572538504]}},{gen_server_call_timeout,60000}]
    trap_exit: false
    status: running
    heap_size: 2586
    stack_size: 28
    reductions: 2016
  neighbours:
2021-01-07 17:21:51 =ERROR REPORT====
** Generic server rabbitmq_server terminating 
** Last message in was {terminate_consuming_session,"gholi"}
** When Server state == {[<0.340.0>],[{<0.351.0>,"gholi"}],[{<0.353.0>,"gholi"}]}
** Reason for termination ==
** {{badmatch,false},[{rabbitmq,handle_call,3,[{file,"c:/Users/Sina/IdeaProjects/uniSup/erlang_server/src/rabbitmq.erl"},{line,69}]},{gen_server,try_handle_call,4,[{file,"gen_server.erl"},{line,715}]},{gen_server,handle_msg,6,[{file,"gen_server.erl"},{line,744}]},{proc_lib,init_p_do_apply,3,[{file,"proc_lib.erl"},{line,226}]}]}
** Client <0.353.0> stacktrace
** [{gen,do_call,4,[{file,"gen.erl"},{line,208}]},{gen_server,call,2,[{file,"gen_server.erl"},{line,234}]},{rabbitmq,loop_consuming,2,[{file,"c:/Users/Sina/IdeaProjects/uniSup/erlang_server/src/rabbitmq.erl"},{line,177}]}]
2021-01-07 17:21:51 =CRASH REPORT====
  crasher:
    initial call: rabbitmq:init/1
    pid: <0.337.0>
    registered_name: rabbitmq_server
    exception error: {{badmatch,false},[{rabbitmq,handle_call,3,[{file,"c:/Users/Sina/IdeaProjects/uniSup/erlang_server/src/rabbitmq.erl"},{line,69}]},{gen_server,try_handle_call,4,[{file,"gen_server.erl"},{line,715}]},{gen_server,handle_msg,6,[{file,"gen_server.erl"},{line,744}]},{proc_lib,init_p_do_apply,3,[{file,"proc_lib.erl"},{line,226}]}]}
    ancestors: [<0.266.0>]
    message_queue_len: 0
    messages: []
    links: []
    dictionary: [{rand_seed,{#{bits => 58,jump => #Fun<rand.3.47293030>,next => #Fun<rand.0.47293030>,type => exsss,uniform => #Fun<rand.1.47293030>,uniform_n => #Fun<rand.2.47293030>},[113230410354242447|173901653790259520]}},{gen_server_call_timeout,60000}]
    trap_exit: false
    status: running
    heap_size: 2586
    stack_size: 28
    reductions: 1942
  neighbours:
2021-01-07 17:38:39 =ERROR REPORT====
** Generic server rabbitmq_server terminating 
** Last message in was {terminate_consuming_session,"gholi"}
** When Server state == {[<0.340.0>],[{<0.351.0>,"gholi"}],[{<0.353.0>,"gholi"}]}
** Reason for termination ==
** {{badmatch,{<0.351.0>,"gholi"}},[{rabbitmq,handle_call,3,[{file,"c:/Users/Sina/IdeaProjects/uniSup/erlang_server/src/rabbitmq.erl"},{line,68}]},{gen_server,try_handle_call,4,[{file,"gen_server.erl"},{line,715}]},{gen_server,handle_msg,6,[{file,"gen_server.erl"},{line,744}]},{proc_lib,init_p_do_apply,3,[{file,"proc_lib.erl"},{line,226}]}]}
** Client <0.353.0> stacktrace
** [{gen,do_call,4,[{file,"gen.erl"},{line,208}]},{gen_server,call,2,[{file,"gen_server.erl"},{line,234}]},{rabbitmq,loop_consuming,2,[{file,"c:/Users/Sina/IdeaProjects/uniSup/erlang_server/src/rabbitmq.erl"},{line,176}]}]
2021-01-07 17:38:39 =CRASH REPORT====
  crasher:
    initial call: rabbitmq:init/1
    pid: <0.337.0>
    registered_name: rabbitmq_server
    exception error: {{badmatch,{<0.351.0>,"gholi"}},[{rabbitmq,handle_call,3,[{file,"c:/Users/Sina/IdeaProjects/uniSup/erlang_server/src/rabbitmq.erl"},{line,68}]},{gen_server,try_handle_call,4,[{file,"gen_server.erl"},{line,715}]},{gen_server,handle_msg,6,[{file,"gen_server.erl"},{line,744}]},{proc_lib,init_p_do_apply,3,[{file,"proc_lib.erl"},{line,226}]}]}
    ancestors: [<0.266.0>]
    message_queue_len: 0
    messages: []
    links: []
    dictionary: [{gen_server_call_timeout,60000},{rand_seed,{#{bits => 58,jump => #Fun<rand.3.47293030>,next => #Fun<rand.0.47293030>,type => exsss,uniform => #Fun<rand.1.47293030>,uniform_n => #Fun<rand.2.47293030>},[95148665497487268|173102151462366780]}}]
    trap_exit: false
    status: running
    heap_size: 1598
    stack_size: 28
    reductions: 1953
  neighbours:
2021-01-07 17:41:06 =ERROR REPORT====
** Generic server rabbitmq_server terminating 
** Last message in was {terminate_consuming_session,"gholi"}
** When Server state == {[<0.340.0>],[{<0.351.0>,"gholi"}],[{<0.353.0>,"gholi"}]}
** Reason for termination ==
** {{badmatch,{<0.351.0>,"gholi"}},[{rabbitmq,handle_call,3,[{file,"c:/Users/Sina/IdeaProjects/uniSup/erlang_server/src/rabbitmq.erl"},{line,67}]},{gen_server,try_handle_call,4,[{file,"gen_server.erl"},{line,715}]},{gen_server,handle_msg,6,[{file,"gen_server.erl"},{line,744}]},{proc_lib,init_p_do_apply,3,[{file,"proc_lib.erl"},{line,226}]}]}
** Client <0.353.0> stacktrace
** [{gen,do_call,4,[{file,"gen.erl"},{line,208}]},{gen_server,call,2,[{file,"gen_server.erl"},{line,234}]},{rabbitmq,loop_consuming,2,[{file,"c:/Users/Sina/IdeaProjects/uniSup/erlang_server/src/rabbitmq.erl"},{line,177}]}]
2021-01-07 17:41:06 =CRASH REPORT====
  crasher:
    initial call: rabbitmq:init/1
    pid: <0.337.0>
    registered_name: rabbitmq_server
    exception error: {{badmatch,{<0.351.0>,"gholi"}},[{rabbitmq,handle_call,3,[{file,"c:/Users/Sina/IdeaProjects/uniSup/erlang_server/src/rabbitmq.erl"},{line,67}]},{gen_server,try_handle_call,4,[{file,"gen_server.erl"},{line,715}]},{gen_server,handle_msg,6,[{file,"gen_server.erl"},{line,744}]},{proc_lib,init_p_do_apply,3,[{file,"proc_lib.erl"},{line,226}]}]}
    ancestors: [<0.266.0>]
    message_queue_len: 0
    messages: []
    links: []
    dictionary: [{gen_server_call_timeout,60000},{rand_seed,{#{bits => 58,jump => #Fun<rand.3.47293030>,next => #Fun<rand.0.47293030>,type => exsss,uniform => #Fun<rand.1.47293030>,uniform_n => #Fun<rand.2.47293030>},[221649079003901716|103549040966840811]}}]
    trap_exit: false
    status: running
    heap_size: 2586
    stack_size: 28
    reductions: 1956
  neighbours:
2021-01-07 17:43:16 =ERROR REPORT====
** Generic server rabbitmq_server terminating 
** Last message in was {terminate_consuming_session,"gholi"}
** When Server state == {[<0.340.0>],[{<0.351.0>,"gholi"}],[{<0.353.0>,"gholi"}]}
** Reason for termination ==
** {{{function_clause,[{gen,do_for_proc,["gholi",#Fun<gen.0.110169649>],[{file,"gen.erl"},{line,311}]},{gen_server,call,3,[{file,"gen_server.erl"},{line,242}]},{rabbitmq,handle_call,3,[{file,"c:/Users/Sina/IdeaProjects/uniSup/erlang_server/src/rabbitmq.erl"},{line,72}]},{gen_server,try_handle_call,4,[{file,"gen_server.erl"},{line,715}]},{gen_server,handle_msg,6,[{file,"gen_server.erl"},{line,744}]},{proc_lib,init_p_do_apply,3,[{file,"proc_lib.erl"},{line,226}]}]},{gen_server,call,["gholi",{close,200,<<"Goodbye">>},60000]}},[{gen_server,call,3,[{file,"gen_server.erl"},{line,246}]},{rabbitmq,handle_call,3,[{file,"c:/Users/Sina/IdeaProjects/uniSup/erlang_server/src/rabbitmq.erl"},{line,72}]},{gen_server,try_handle_call,4,[{file,"gen_server.erl"},{line,715}]},{gen_server,handle_msg,6,[{file,"gen_server.erl"},{line,744}]},{proc_lib,init_p_do_apply,3,[{file,"proc_lib.erl"},{line,226}]}]}
** Client <0.353.0> stacktrace
** [{gen,do_call,4,[{file,"gen.erl"},{line,208}]},{gen_server,call,2,[{file,"gen_server.erl"},{line,234}]},{rabbitmq,loop_consuming,2,[{file,"c:/Users/Sina/IdeaProjects/uniSup/erlang_server/src/rabbitmq.erl"},{line,180}]}]
2021-01-07 17:43:16 =CRASH REPORT====
  crasher:
    initial call: rabbitmq:init/1
    pid: <0.337.0>
    registered_name: rabbitmq_server
    exception exit: {{{function_clause,[{gen,do_for_proc,["gholi",#Fun<gen.0.110169649>],[{file,"gen.erl"},{line,311}]},{gen_server,call,3,[{file,"gen_server.erl"},{line,242}]},{rabbitmq,handle_call,3,[{file,"c:/Users/Sina/IdeaProjects/uniSup/erlang_server/src/rabbitmq.erl"},{line,72}]},{gen_server,try_handle_call,4,[{file,"gen_server.erl"},{line,715}]},{gen_server,handle_msg,6,[{file,"gen_server.erl"},{line,744}]},{proc_lib,init_p_do_apply,3,[{file,"proc_lib.erl"},{line,226}]}]},{gen_server,call,["gholi",{close,200,<<"Goodbye">>},60000]}},[{gen_server,call,3,[{file,"gen_server.erl"},{line,246}]},{rabbitmq,handle_call,3,[{file,"c:/Users/Sina/IdeaProjects/uniSup/erlang_server/src/rabbitmq.erl"},{line,72}]},{gen_server,try_handle_call,4,[{file,"gen_server.erl"},{line,715}]},{gen_server,handle_msg,6,[{file,"gen_server.erl"},{line,744}]},{proc_lib,init_p_do_apply,3,[{file,"proc_lib.erl"},{line,226}]}]}
    ancestors: [<0.266.0>]
    message_queue_len: 0
    messages: []
    links: []
    dictionary: [{gen_server_call_timeout,60000},{rand_seed,{#{bits => 58,jump => #Fun<rand.3.47293030>,next => #Fun<rand.0.47293030>,type => exsss,uniform => #Fun<rand.1.47293030>,uniform_n => #Fun<rand.2.47293030>},[69760990197144570|102726741796766955]}}]
    trap_exit: false
    status: running
    heap_size: 2586
    stack_size: 28
    reductions: 2150
  neighbours:
2021-01-07 17:45:44 =ERROR REPORT====
** Generic server rabbitmq_server terminating 
** Last message in was {terminate_consuming_session,"gholi"}
** When Server state == {[<0.340.0>],[{<0.351.0>,"gholi"}],[{<0.353.0>,"gholi"}]}
** Reason for termination ==
** {{{function_clause,[{gen,do_for_proc,["gholi",#Fun<gen.0.110169649>],[{file,"gen.erl"},{line,311}]},{gen_server,call,3,[{file,"gen_server.erl"},{line,242}]},{rabbitmq,handle_call,3,[{file,"c:/Users/Sina/IdeaProjects/uniSup/erlang_server/src/rabbitmq.erl"},{line,69}]},{gen_server,try_handle_call,4,[{file,"gen_server.erl"},{line,715}]},{gen_server,handle_msg,6,[{file,"gen_server.erl"},{line,744}]},{proc_lib,init_p_do_apply,3,[{file,"proc_lib.erl"},{line,226}]}]},{gen_server,call,["gholi",{close,200,<<"Goodbye">>},60000]}},[{gen_server,call,3,[{file,"gen_server.erl"},{line,246}]},{rabbitmq,handle_call,3,[{file,"c:/Users/Sina/IdeaProjects/uniSup/erlang_server/src/rabbitmq.erl"},{line,69}]},{gen_server,try_handle_call,4,[{file,"gen_server.erl"},{line,715}]},{gen_server,handle_msg,6,[{file,"gen_server.erl"},{line,744}]},{proc_lib,init_p_do_apply,3,[{file,"proc_lib.erl"},{line,226}]}]}
** Client <0.353.0> stacktrace
** [{gen,do_call,4,[{file,"gen.erl"},{line,208}]},{gen_server,call,2,[{file,"gen_server.erl"},{line,234}]},{rabbitmq,loop_consuming,2,[{file,"c:/Users/Sina/IdeaProjects/uniSup/erlang_server/src/rabbitmq.erl"},{line,177}]}]
2021-01-07 17:45:44 =CRASH REPORT====
  crasher:
    initial call: rabbitmq:init/1
    pid: <0.337.0>
    registered_name: rabbitmq_server
    exception exit: {{{function_clause,[{gen,do_for_proc,["gholi",#Fun<gen.0.110169649>],[{file,"gen.erl"},{line,311}]},{gen_server,call,3,[{file,"gen_server.erl"},{line,242}]},{rabbitmq,handle_call,3,[{file,"c:/Users/Sina/IdeaProjects/uniSup/erlang_server/src/rabbitmq.erl"},{line,69}]},{gen_server,try_handle_call,4,[{file,"gen_server.erl"},{line,715}]},{gen_server,handle_msg,6,[{file,"gen_server.erl"},{line,744}]},{proc_lib,init_p_do_apply,3,[{file,"proc_lib.erl"},{line,226}]}]},{gen_server,call,["gholi",{close,200,<<"Goodbye">>},60000]}},[{gen_server,call,3,[{file,"gen_server.erl"},{line,246}]},{rabbitmq,handle_call,3,[{file,"c:/Users/Sina/IdeaProjects/uniSup/erlang_server/src/rabbitmq.erl"},{line,69}]},{gen_server,try_handle_call,4,[{file,"gen_server.erl"},{line,715}]},{gen_server,handle_msg,6,[{file,"gen_server.erl"},{line,744}]},{proc_lib,init_p_do_apply,3,[{file,"proc_lib.erl"},{line,226}]}]}
    ancestors: [<0.266.0>]
    message_queue_len: 0
    messages: []
    links: []
    dictionary: [{gen_server_call_timeout,60000},{rand_seed,{#{bits => 58,jump => #Fun<rand.3.47293030>,next => #Fun<rand.0.47293030>,type => exsss,uniform => #Fun<rand.1.47293030>,uniform_n => #Fun<rand.2.47293030>},[178819805016143191|54910969878068620]}}]
    trap_exit: false
    status: running
    heap_size: 2586
    stack_size: 28
    reductions: 2108
  neighbours:
2021-01-07 17:47:37 =ERROR REPORT====
** Generic server rabbitmq_server terminating 
** Last message in was {terminate_consuming_session,"gholi"}
** When Server state == {[<0.340.0>],[{<0.351.0>,"gholi"}],[{<0.353.0>,"gholi"}]}
** Reason for termination ==
** {{{function_clause,[{gen,do_for_proc,["gholi",#Fun<gen.0.110169649>],[{file,"gen.erl"},{line,311}]},{gen_server,call,3,[{file,"gen_server.erl"},{line,242}]},{rabbitmq,handle_call,3,[{file,"c:/Users/Sina/IdeaProjects/uniSup/erlang_server/src/rabbitmq.erl"},{line,69}]},{gen_server,try_handle_call,4,[{file,"gen_server.erl"},{line,715}]},{gen_server,handle_msg,6,[{file,"gen_server.erl"},{line,744}]},{proc_lib,init_p_do_apply,3,[{file,"proc_lib.erl"},{line,226}]}]},{gen_server,call,["gholi",{close,200,<<"Goodbye">>},60000]}},[{gen_server,call,3,[{file,"gen_server.erl"},{line,246}]},{rabbitmq,handle_call,3,[{file,"c:/Users/Sina/IdeaProjects/uniSup/erlang_server/src/rabbitmq.erl"},{line,69}]},{gen_server,try_handle_call,4,[{file,"gen_server.erl"},{line,715}]},{gen_server,handle_msg,6,[{file,"gen_server.erl"},{line,744}]},{proc_lib,init_p_do_apply,3,[{file,"proc_lib.erl"},{line,226}]}]}
** Client <0.353.0> stacktrace
** [{gen,do_call,4,[{file,"gen.erl"},{line,208}]},{gen_server,call,2,[{file,"gen_server.erl"},{line,234}]},{rabbitmq,loop_consuming,2,[{file,"c:/Users/Sina/IdeaProjects/uniSup/erlang_server/src/rabbitmq.erl"},{line,177}]}]
2021-01-07 17:47:37 =CRASH REPORT====
  crasher:
    initial call: rabbitmq:init/1
    pid: <0.337.0>
    registered_name: rabbitmq_server
    exception exit: {{{function_clause,[{gen,do_for_proc,["gholi",#Fun<gen.0.110169649>],[{file,"gen.erl"},{line,311}]},{gen_server,call,3,[{file,"gen_server.erl"},{line,242}]},{rabbitmq,handle_call,3,[{file,"c:/Users/Sina/IdeaProjects/uniSup/erlang_server/src/rabbitmq.erl"},{line,69}]},{gen_server,try_handle_call,4,[{file,"gen_server.erl"},{line,715}]},{gen_server,handle_msg,6,[{file,"gen_server.erl"},{line,744}]},{proc_lib,init_p_do_apply,3,[{file,"proc_lib.erl"},{line,226}]}]},{gen_server,call,["gholi",{close,200,<<"Goodbye">>},60000]}},[{gen_server,call,3,[{file,"gen_server.erl"},{line,246}]},{rabbitmq,handle_call,3,[{file,"c:/Users/Sina/IdeaProjects/uniSup/erlang_server/src/rabbitmq.erl"},{line,69}]},{gen_server,try_handle_call,4,[{file,"gen_server.erl"},{line,715}]},{gen_server,handle_msg,6,[{file,"gen_server.erl"},{line,744}]},{proc_lib,init_p_do_apply,3,[{file,"proc_lib.erl"},{line,226}]}]}
    ancestors: [<0.266.0>]
    message_queue_len: 0
    messages: []
    links: []
    dictionary: [{gen_server_call_timeout,60000},{rand_seed,{#{bits => 58,jump => #Fun<rand.3.47293030>,next => #Fun<rand.0.47293030>,type => exsss,uniform => #Fun<rand.1.47293030>,uniform_n => #Fun<rand.2.47293030>},[136466970173440|169021472333689477]}}]
    trap_exit: false
    status: running
    heap_size: 2586
    stack_size: 28
    reductions: 2108
  neighbours:
2021-01-07 17:48:59 =ERROR REPORT====
** Generic server rabbitmq_server terminating 
** Last message in was {terminate_consuming_session,"gholi"}
** When Server state == {[<0.340.0>],[{<0.351.0>,"gholi"}],[{<0.353.0>,"gholi"}]}
** Reason for termination ==
** {badarg,[{rabbitmq,handle_call,3,[{file,"c:/Users/Sina/IdeaProjects/uniSup/erlang_server/src/rabbitmq.erl"},{line,70}]},{gen_server,try_handle_call,4,[{file,"gen_server.erl"},{line,715}]},{gen_server,handle_msg,6,[{file,"gen_server.erl"},{line,744}]},{proc_lib,init_p_do_apply,3,[{file,"proc_lib.erl"},{line,226}]}]}
** Client <0.353.0> stacktrace
** [{gen,do_call,4,[{file,"gen.erl"},{line,208}]},{gen_server,call,2,[{file,"gen_server.erl"},{line,234}]},{rabbitmq,loop_consuming,2,[{file,"c:/Users/Sina/IdeaProjects/uniSup/erlang_server/src/rabbitmq.erl"},{line,176}]}]
2021-01-07 17:48:59 =CRASH REPORT====
  crasher:
    initial call: rabbitmq:init/1
    pid: <0.337.0>
    registered_name: rabbitmq_server
    exception error: bad argument: [{rabbitmq,handle_call,3,[{file,"c:/Users/Sina/IdeaProjects/uniSup/erlang_server/src/rabbitmq.erl"},{line,70}]},{gen_server,try_handle_call,4,[{file,"gen_server.erl"},{line,715}]},{gen_server,handle_msg,6,[{file,"gen_server.erl"},{line,744}]},{proc_lib,init_p_do_apply,3,[{file,"proc_lib.erl"},{line,226}]}]
    ancestors: [<0.266.0>]
    message_queue_len: 0
    messages: []
    links: []
    dictionary: [{gen_server_call_timeout,60000},{rand_seed,{#{bits => 58,jump => #Fun<rand.3.47293030>,next => #Fun<rand.0.47293030>,type => exsss,uniform => #Fun<rand.1.47293030>,uniform_n => #Fun<rand.2.47293030>},[87582063280572949|115299610179327778]}}]
    trap_exit: false
    status: running
    heap_size: 2586
    stack_size: 28
    reductions: 1920
  neighbours:
2021-01-07 17:50:51 =ERROR REPORT====
** Generic server rabbitmq_server terminating 
** Last message in was {terminate_consuming_session,"gholi"}
** When Server state == {[<0.340.0>],[{<0.351.0>,"gholi"}],[{<0.353.0>,"gholi"}]}
** Reason for termination ==
** {function_clause,[{lists,delete,["gholi",{"gholi","gholi"}],[{file,"lists.erl"},{line,376}]},{rabbitmq,handle_call,3,[{file,"c:/Users/Sina/IdeaProjects/uniSup/erlang_server/src/rabbitmq.erl"},{line,69}]},{gen_server,try_handle_call,4,[{file,"gen_server.erl"},{line,715}]},{gen_server,handle_msg,6,[{file,"gen_server.erl"},{line,744}]},{proc_lib,init_p_do_apply,3,[{file,"proc_lib.erl"},{line,226}]}]}
** Client <0.353.0> stacktrace
** [{gen,do_call,4,[{file,"gen.erl"},{line,208}]},{gen_server,call,2,[{file,"gen_server.erl"},{line,234}]},{rabbitmq,loop_consuming,2,[{file,"c:/Users/Sina/IdeaProjects/uniSup/erlang_server/src/rabbitmq.erl"},{line,174}]}]
2021-01-07 17:50:51 =CRASH REPORT====
  crasher:
    initial call: rabbitmq:init/1
    pid: <0.337.0>
    registered_name: rabbitmq_server
    exception error: {function_clause,[{lists,delete,["gholi",{"gholi","gholi"}],[{file,"lists.erl"},{line,376}]},{rabbitmq,handle_call,3,[{file,"c:/Users/Sina/IdeaProjects/uniSup/erlang_server/src/rabbitmq.erl"},{line,69}]},{gen_server,try_handle_call,4,[{file,"gen_server.erl"},{line,715}]},{gen_server,handle_msg,6,[{file,"gen_server.erl"},{line,744}]},{proc_lib,init_p_do_apply,3,[{file,"proc_lib.erl"},{line,226}]}]}
    ancestors: [<0.266.0>]
    message_queue_len: 0
    messages: []
    links: []
    dictionary: [{gen_server_call_timeout,60000},{rand_seed,{#{bits => 58,jump => #Fun<rand.3.47293030>,next => #Fun<rand.0.47293030>,type => exsss,uniform => #Fun<rand.1.47293030>,uniform_n => #Fun<rand.2.47293030>},[167331572195539313|17950785703403490]}}]
    trap_exit: false
    status: running
    heap_size: 2586
    stack_size: 28
    reductions: 1971
  neighbours:
2021-01-07 17:53:03 =ERROR REPORT====
** Generic server rabbitmq_server terminating 
** Last message in was {terminate_consuming_session,"gholi"}
** When Server state == {[<0.340.0>],[{<0.351.0>,"gholi"}],[{<0.353.0>,"gholi"}]}
** Reason for termination ==
** {function_clause,[{lists,delete,[[{<0.351.0>,"gholi"}],{"gholi",<0.351.0>}],[{file,"lists.erl"},{line,376}]},{rabbitmq,handle_call,3,[{file,"c:/Users/Sina/IdeaProjects/uniSup/erlang_server/src/rabbitmq.erl"},{line,69}]},{gen_server,try_handle_call,4,[{file,"gen_server.erl"},{line,715}]},{gen_server,handle_msg,6,[{file,"gen_server.erl"},{line,744}]},{proc_lib,init_p_do_apply,3,[{file,"proc_lib.erl"},{line,226}]}]}
** Client <0.353.0> stacktrace
** [{gen,do_call,4,[{file,"gen.erl"},{line,208}]},{gen_server,call,2,[{file,"gen_server.erl"},{line,234}]},{rabbitmq,loop_consuming,2,[{file,"c:/Users/Sina/IdeaProjects/uniSup/erlang_server/src/rabbitmq.erl"},{line,174}]}]
2021-01-07 17:53:03 =CRASH REPORT====
  crasher:
    initial call: rabbitmq:init/1
    pid: <0.337.0>
    registered_name: rabbitmq_server
    exception error: {function_clause,[{lists,delete,[[{<0.351.0>,"gholi"}],{"gholi",<0.351.0>}],[{file,"lists.erl"},{line,376}]},{rabbitmq,handle_call,3,[{file,"c:/Users/Sina/IdeaProjects/uniSup/erlang_server/src/rabbitmq.erl"},{line,69}]},{gen_server,try_handle_call,4,[{file,"gen_server.erl"},{line,715}]},{gen_server,handle_msg,6,[{file,"gen_server.erl"},{line,744}]},{proc_lib,init_p_do_apply,3,[{file,"proc_lib.erl"},{line,226}]}]}
    ancestors: [<0.266.0>]
    message_queue_len: 0
    messages: []
    links: []
    dictionary: [{gen_server_call_timeout,60000},{rand_seed,{#{bits => 58,jump => #Fun<rand.3.47293030>,next => #Fun<rand.0.47293030>,type => exsss,uniform => #Fun<rand.1.47293030>,uniform_n => #Fun<rand.2.47293030>},[272254600878475734|141720932093378180]}}]
    trap_exit: false
    status: running
    heap_size: 2586
    stack_size: 28
    reductions: 1973
  neighbours:
2021-01-07 17:53:42 =ERROR REPORT====
** Generic server rabbitmq_server terminating 
** Last message in was {terminate_consuming_session,"gholi"}
** When Server state == {[<0.340.0>],[{<0.351.0>,"gholi"}],[{<0.353.0>,"gholi"}]}
** Reason for termination ==
** {function_clause,[{lists,delete,[[{<0.351.0>,"gholi"}],{<0.351.0>,"gholi"}],[{file,"lists.erl"},{line,376}]},{rabbitmq,handle_call,3,[{file,"c:/Users/Sina/IdeaProjects/uniSup/erlang_server/src/rabbitmq.erl"},{line,69}]},{gen_server,try_handle_call,4,[{file,"gen_server.erl"},{line,715}]},{gen_server,handle_msg,6,[{file,"gen_server.erl"},{line,744}]},{proc_lib,init_p_do_apply,3,[{file,"proc_lib.erl"},{line,226}]}]}
** Client <0.353.0> stacktrace
** [{gen,do_call,4,[{file,"gen.erl"},{line,208}]},{gen_server,call,2,[{file,"gen_server.erl"},{line,234}]},{rabbitmq,loop_consuming,2,[{file,"c:/Users/Sina/IdeaProjects/uniSup/erlang_server/src/rabbitmq.erl"},{line,174}]}]
2021-01-07 17:53:42 =CRASH REPORT====
  crasher:
    initial call: rabbitmq:init/1
    pid: <0.337.0>
    registered_name: rabbitmq_server
    exception error: {function_clause,[{lists,delete,[[{<0.351.0>,"gholi"}],{<0.351.0>,"gholi"}],[{file,"lists.erl"},{line,376}]},{rabbitmq,handle_call,3,[{file,"c:/Users/Sina/IdeaProjects/uniSup/erlang_server/src/rabbitmq.erl"},{line,69}]},{gen_server,try_handle_call,4,[{file,"gen_server.erl"},{line,715}]},{gen_server,handle_msg,6,[{file,"gen_server.erl"},{line,744}]},{proc_lib,init_p_do_apply,3,[{file,"proc_lib.erl"},{line,226}]}]}
    ancestors: [<0.266.0>]
    message_queue_len: 0
    messages: []
    links: []
    dictionary: [{gen_server_call_timeout,60000},{rand_seed,{#{bits => 58,jump => #Fun<rand.3.47293030>,next => #Fun<rand.0.47293030>,type => exsss,uniform => #Fun<rand.1.47293030>,uniform_n => #Fun<rand.2.47293030>},[254567981979396388|84561521153634284]}}]
    trap_exit: false
    status: running
    heap_size: 2586
    stack_size: 28
    reductions: 1971
  neighbours:
2021-01-07 17:54:45 =ERROR REPORT====
** Generic server rabbitmq_server terminating 
** Last message in was {terminate_consuming_session,"gholi"}
** When Server state == {[<0.340.0>],[{<0.351.0>,"gholi"}],[{<0.353.0>,"gholi"}]}
** Reason for termination ==
** {function_clause,[{lists,delete,[[{<0.351.0>,"gholi"}],{<0.351.0>,"gholi"}],[{file,"lists.erl"},{line,376}]},{rabbitmq,handle_call,3,[{file,"c:/Users/Sina/IdeaProjects/uniSup/erlang_server/src/rabbitmq.erl"},{line,69}]},{gen_server,try_handle_call,4,[{file,"gen_server.erl"},{line,715}]},{gen_server,handle_msg,6,[{file,"gen_server.erl"},{line,744}]},{proc_lib,init_p_do_apply,3,[{file,"proc_lib.erl"},{line,226}]}]}
** Client <0.353.0> stacktrace
** [{gen,do_call,4,[{file,"gen.erl"},{line,208}]},{gen_server,call,2,[{file,"gen_server.erl"},{line,234}]},{rabbitmq,loop_consuming,2,[{file,"c:/Users/Sina/IdeaProjects/uniSup/erlang_server/src/rabbitmq.erl"},{line,174}]}]
2021-01-07 17:54:45 =CRASH REPORT====
  crasher:
    initial call: rabbitmq:init/1
    pid: <0.337.0>
    registered_name: rabbitmq_server
    exception error: {function_clause,[{lists,delete,[[{<0.351.0>,"gholi"}],{<0.351.0>,"gholi"}],[{file,"lists.erl"},{line,376}]},{rabbitmq,handle_call,3,[{file,"c:/Users/Sina/IdeaProjects/uniSup/erlang_server/src/rabbitmq.erl"},{line,69}]},{gen_server,try_handle_call,4,[{file,"gen_server.erl"},{line,715}]},{gen_server,handle_msg,6,[{file,"gen_server.erl"},{line,744}]},{proc_lib,init_p_do_apply,3,[{file,"proc_lib.erl"},{line,226}]}]}
    ancestors: [<0.266.0>]
    message_queue_len: 0
    messages: []
    links: []
    dictionary: [{rand_seed,{#{bits => 58,jump => #Fun<rand.3.47293030>,next => #Fun<rand.0.47293030>,type => exsss,uniform => #Fun<rand.1.47293030>,uniform_n => #Fun<rand.2.47293030>},[22655524931932126|19534089717522182]}},{gen_server_call_timeout,60000}]
    trap_exit: false
    status: running
    heap_size: 2586
    stack_size: 28
    reductions: 1970
  neighbours:
2021-01-07 17:55:32 =ERROR REPORT====
** Generic server rabbitmq_server terminating 
** Last message in was {terminate_consuming_session,"gholi"}
** When Server state == {[<0.340.0>],[{<0.351.0>,"gholi"}],[{<0.353.0>,"gholi"}]}
** Reason for termination ==
** {function_clause,[{lists,delete,[[{<0.351.0>,"gholi"}],{<0.351.0>,"gholi"}],[{file,"lists.erl"},{line,376}]},{rabbitmq,handle_call,3,[{file,"c:/Users/Sina/IdeaProjects/uniSup/erlang_server/src/rabbitmq.erl"},{line,69}]},{gen_server,try_handle_call,4,[{file,"gen_server.erl"},{line,715}]},{gen_server,handle_msg,6,[{file,"gen_server.erl"},{line,744}]},{proc_lib,init_p_do_apply,3,[{file,"proc_lib.erl"},{line,226}]}]}
** Client <0.353.0> stacktrace
** [{gen,do_call,4,[{file,"gen.erl"},{line,208}]},{gen_server,call,2,[{file,"gen_server.erl"},{line,234}]},{rabbitmq,loop_consuming,2,[{file,"c:/Users/Sina/IdeaProjects/uniSup/erlang_server/src/rabbitmq.erl"},{line,174}]}]
2021-01-07 17:55:32 =CRASH REPORT====
  crasher:
    initial call: rabbitmq:init/1
    pid: <0.337.0>
    registered_name: rabbitmq_server
    exception error: {function_clause,[{lists,delete,[[{<0.351.0>,"gholi"}],{<0.351.0>,"gholi"}],[{file,"lists.erl"},{line,376}]},{rabbitmq,handle_call,3,[{file,"c:/Users/Sina/IdeaProjects/uniSup/erlang_server/src/rabbitmq.erl"},{line,69}]},{gen_server,try_handle_call,4,[{file,"gen_server.erl"},{line,715}]},{gen_server,handle_msg,6,[{file,"gen_server.erl"},{line,744}]},{proc_lib,init_p_do_apply,3,[{file,"proc_lib.erl"},{line,226}]}]}
    ancestors: [<0.266.0>]
    message_queue_len: 0
    messages: []
    links: []
    dictionary: [{rand_seed,{#{bits => 58,jump => #Fun<rand.3.47293030>,next => #Fun<rand.0.47293030>,type => exsss,uniform => #Fun<rand.1.47293030>,uniform_n => #Fun<rand.2.47293030>},[263701891693709539|150653153439349978]}},{gen_server_call_timeout,60000}]
    trap_exit: false
    status: running
    heap_size: 1598
    stack_size: 28
    reductions: 1964
  neighbours:
2021-01-07 18:53:16 =ERROR REPORT====
** Generic server <0.346.0> terminating 
** Last message in was {timeout,#Ref<0.379592617.137363457.131599>,idle_timeout}
** When Server state == {state,#Port<0.8>,#Ref<0.379592617.137363457.131599>,<0.340.0>,<0.344.0>,{method,rabbit_framing_amqp_0_9_1},{expecting_header,<<>>}}
** Reason for termination ==
** {socket_error,timeout}
2021-01-07 18:53:16 =CRASH REPORT====
  crasher:
    initial call: amqp_main_reader:init/1
    pid: <0.346.0>
    registered_name: []
    exception exit: {{socket_error,timeout},[{gen_server,handle_common_reply,8,[{file,"gen_server.erl"},{line,805}]},{proc_lib,init_p_do_apply,3,[{file,"proc_lib.erl"},{line,226}]}]}
    ancestors: [<0.339.0>,<0.338.0>,amqp_sup,<0.330.0>]
    message_queue_len: 0
    messages: []
    links: [<0.339.0>,#Port<0.8>]
    dictionary: [{gen_server_call_timeout,60000},{process_name,{amqp_main_reader,<<"client 127.0.0.1:7586 -> 127.0.0.1:5672">>}}]
    trap_exit: false
    status: running
    heap_size: 1598
    stack_size: 28
    reductions: 3184
  neighbours:
2021-01-07 18:53:16 =ERROR REPORT====
** Generic server <0.340.0> terminating 
** Last message in was {socket_error,timeout}
** When Server state == {state,amqp_network_connection,{state,#Port<0.8>,<<"client 127.0.0.1:7586 -> 127.0.0.1:5672">>,10,<0.345.0>,131072,<0.339.0>,undefined,false},<0.344.0>,{amqp_params_network,<<"guest">>,{plaintext,<<"guest">>},<<"/">>,"localhost",5672,2047,0,10,60000,none,[fun amqp_auth_mechanisms:plain/3,fun amqp_auth_mechanisms:amqplain/3],[],[]},2047,[{<<"capabilities">>,table,[{<<"publisher_confirms">>,bool,true},{<<"exchange_exchange_bindings">>,bool,true},{<<"basic.nack">>,bool,true},{<<"consumer_cancel_notify">>,bool,true},{<<"connection.blocked">>,bool,true},{<<"consumer_priorities">>,bool,true},{<<"authentication_failure_close">>,bool,true},{<<"per_consumer_qos">>,bool,true},{<<"direct_reply_to">>,bool,true}]},{<<"cluster_name">>,longstr,<<"rabbit@DESKTOP-IMEVS5K">>},{<<"copyright">>,longstr,<<"Copyright (c) 2007-2020 VMware, Inc. or its affiliates.">>},{<<"information">>,longstr,<<"Licensed under the MPL 2.0. Website: https://rabbitmq.com">>},{<<"platform">>,longstr,<<"Erlang/OTP 23.2">>},{<<"product">>,longstr,<<"RabbitMQ">>},{<<"version">>,longstr,<<"3.8.9">>}],none,false}
** Reason for termination ==
** {socket_error,timeout}
2021-01-07 18:53:16 =CRASH REPORT====
  crasher:
    initial call: amqp_gen_connection:init/1
    pid: <0.340.0>
    registered_name: []
    exception exit: {{socket_error,timeout},[{gen_server,handle_common_reply,8,[{file,"gen_server.erl"},{line,805}]},{proc_lib,init_p_do_apply,3,[{file,"proc_lib.erl"},{line,226}]}]}
    ancestors: [<0.338.0>,amqp_sup,<0.330.0>]
    message_queue_len: 0
    messages: []
    links: [<0.338.0>]
    dictionary: [{gen_server_call_timeout,60000},{process_name,{amqp_gen_connection,<<"client 127.0.0.1:7586 -> 127.0.0.1:5672">>}}]
    trap_exit: true
    status: running
    heap_size: 1598
    stack_size: 28
    reductions: 2916
  neighbours:
2021-01-07 18:53:16 =SUPERVISOR REPORT====
     Supervisor: {<0.339.0>,amqp_connection_type_sup}
     Context:    child_terminated
     Reason:     {socket_error,timeout}
     Offender:   [{pid,<0.346.0>},{name,main_reader},{mfargs,{amqp_main_reader,start_link,[#Port<0.8>,<0.340.0>,<0.344.0>,{method,rabbit_framing_amqp_0_9_1},<<"client 127.0.0.1:7586 -> 127.0.0.1:5672">>]}},{restart_type,transient},{shutdown,30000},{child_type,worker}]

2021-01-07 18:53:17 =SUPERVISOR REPORT====
     Supervisor: {<0.339.0>,amqp_connection_type_sup}
     Context:    shutdown
     Reason:     reached_max_restart_intensity
     Offender:   [{pid,<0.346.0>},{name,main_reader},{mfargs,{amqp_main_reader,start_link,[#Port<0.8>,<0.340.0>,<0.344.0>,{method,rabbit_framing_amqp_0_9_1},<<"client 127.0.0.1:7586 -> 127.0.0.1:5672">>]}},{restart_type,transient},{shutdown,30000},{child_type,worker}]

2021-01-07 18:53:17 =SUPERVISOR REPORT====
     Supervisor: {<0.338.0>,amqp_connection_sup}
     Context:    child_terminated
     Reason:     {socket_error,timeout}
     Offender:   [{pid,<0.340.0>},{name,connection},{mfargs,{amqp_gen_connection,start_link,[<0.339.0>,{amqp_params_network,<<"guest">>,{plaintext,<<"guest">>},<<"/">>,"localhost",5672,2047,0,10,60000,none,[fun amqp_auth_mechanisms:plain/3,fun amqp_auth_mechanisms:amqplain/3],[],[]}]}},{restart_type,intrinsic},{shutdown,brutal_kill},{child_type,worker}]

2021-01-07 18:53:17 =SUPERVISOR REPORT====
     Supervisor: {<0.338.0>,amqp_connection_sup}
     Context:    shutdown
     Reason:     reached_max_restart_intensity
     Offender:   [{pid,<0.340.0>},{name,connection},{mfargs,{amqp_gen_connection,start_link,[<0.339.0>,{amqp_params_network,<<"guest">>,{plaintext,<<"guest">>},<<"/">>,"localhost",5672,2047,0,10,60000,none,[fun amqp_auth_mechanisms:plain/3,fun amqp_auth_mechanisms:amqplain/3],[],[]}]}},{restart_type,intrinsic},{shutdown,brutal_kill},{child_type,worker}]

2021-01-07 20:09:15 =ERROR REPORT====
** Generic server rabbitmq_server terminating 
** Last message in was {terminate_consuming_session,"gholi"}
** When Server state == {[<0.340.0>],[],[]}
** Reason for termination ==
** {{badmatch,false},[{rabbitmq,handle_call,3,[{file,"c:/Users/Sina/IdeaProjects/uniSup/erlang_server/src/rabbitmq.erl"},{line,67}]},{gen_server,try_handle_call,4,[{file,"gen_server.erl"},{line,715}]},{gen_server,handle_msg,6,[{file,"gen_server.erl"},{line,744}]},{proc_lib,init_p_do_apply,3,[{file,"proc_lib.erl"},{line,226}]}]}
** Client <0.353.0> stacktrace
** [{gen,do_call,4,[{file,"gen.erl"},{line,208}]},{gen_server,call,2,[{file,"gen_server.erl"},{line,234}]},{rabbitmq,loop_consuming,2,[{file,"c:/Users/Sina/IdeaProjects/uniSup/erlang_server/src/rabbitmq.erl"},{line,174}]}]
2021-01-07 20:09:15 =CRASH REPORT====
  crasher:
    initial call: rabbitmq:init/1
    pid: <0.337.0>
    registered_name: rabbitmq_server
    exception error: {{badmatch,false},[{rabbitmq,handle_call,3,[{file,"c:/Users/Sina/IdeaProjects/uniSup/erlang_server/src/rabbitmq.erl"},{line,67}]},{gen_server,try_handle_call,4,[{file,"gen_server.erl"},{line,715}]},{gen_server,handle_msg,6,[{file,"gen_server.erl"},{line,744}]},{proc_lib,init_p_do_apply,3,[{file,"proc_lib.erl"},{line,226}]}]}
    ancestors: [<0.266.0>]
    message_queue_len: 0
    messages: []
    links: []
    dictionary: [{gen_server_call_timeout,60000},{rand_seed,{#{bits => 58,jump => #Fun<rand.3.47293030>,next => #Fun<rand.0.47293030>,type => exsss,uniform => #Fun<rand.1.47293030>,uniform_n => #Fun<rand.2.47293030>},[43257445578222833|251500417102548377]}}]
    trap_exit: false
    status: running
    heap_size: 1598
    stack_size: 28
    reductions: 1997
  neighbours:
2021-01-07 20:10:44 =ERROR REPORT====
** Generic server rabbitmq_server terminating 
** Last message in was {terminate_consuming_session,"gholi"}
** When Server state == {[<0.340.0>],[],[]}
** Reason for termination ==
** {{badmatch,false},[{rabbitmq,handle_call,3,[{file,"c:/Users/Sina/IdeaProjects/uniSup/erlang_server/src/rabbitmq.erl"},{line,67}]},{gen_server,try_handle_call,4,[{file,"gen_server.erl"},{line,715}]},{gen_server,handle_msg,6,[{file,"gen_server.erl"},{line,744}]},{proc_lib,init_p_do_apply,3,[{file,"proc_lib.erl"},{line,226}]}]}
** Client <0.353.0> stacktrace
** [{gen,do_call,4,[{file,"gen.erl"},{line,208}]},{gen_server,call,2,[{file,"gen_server.erl"},{line,234}]},{rabbitmq,loop_consuming,2,[{file,"c:/Users/Sina/IdeaProjects/uniSup/erlang_server/src/rabbitmq.erl"},{line,174}]}]
2021-01-07 20:10:44 =CRASH REPORT====
  crasher:
    initial call: rabbitmq:init/1
    pid: <0.337.0>
    registered_name: rabbitmq_server
    exception error: {{badmatch,false},[{rabbitmq,handle_call,3,[{file,"c:/Users/Sina/IdeaProjects/uniSup/erlang_server/src/rabbitmq.erl"},{line,67}]},{gen_server,try_handle_call,4,[{file,"gen_server.erl"},{line,715}]},{gen_server,handle_msg,6,[{file,"gen_server.erl"},{line,744}]},{proc_lib,init_p_do_apply,3,[{file,"proc_lib.erl"},{line,226}]}]}
    ancestors: [<0.266.0>]
    message_queue_len: 0
    messages: []
    links: []
    dictionary: [{gen_server_call_timeout,60000},{rand_seed,{#{bits => 58,jump => #Fun<rand.3.47293030>,next => #Fun<rand.0.47293030>,type => exsss,uniform => #Fun<rand.1.47293030>,uniform_n => #Fun<rand.2.47293030>},[38653663536781797|159164828596467192]}}]
    trap_exit: false
    status: running
    heap_size: 1598
    stack_size: 28
    reductions: 1989
  neighbours:
2021-01-07 20:11:44 =ERROR REPORT====
** Generic server rabbitmq_server terminating 
** Last message in was {terminate_consuming_session,"gholi"}
** When Server state == {[<0.340.0>],[{<0.351.0>,"gholi"}],[{<0.353.0>,"gholi"}]}
** Reason for termination ==
** {badarg,[{io,format,[<0.261.0>,"consumer new status: ~p~n",{[<0.340.0>],[],[]}],[]},{rabbitmq,handle_call,3,[{file,"c:/Users/Sina/IdeaProjects/uniSup/erlang_server/src/rabbitmq.erl"},{line,69}]},{gen_server,try_handle_call,4,[{file,"gen_server.erl"},{line,715}]},{gen_server,handle_msg,6,[{file,"gen_server.erl"},{line,744}]},{proc_lib,init_p_do_apply,3,[{file,"proc_lib.erl"},{line,226}]}]}
** Client <0.266.0> stacktrace
** [{gen,do_call,4,[{file,"gen.erl"},{line,208}]},{gen_server,call,2,[{file,"gen_server.erl"},{line,234}]},{erl_eval,do_apply,6,[{file,"erl_eval.erl"},{line,684}]},{shell,exprs,7,[{file,"shell.erl"},{line,686}]},{shell,eval_exprs,7,[{file,"shell.erl"},{line,642}]},{shell,eval_loop,3,[{file,"shell.erl"},{line,627}]}]
2021-01-07 20:11:44 =CRASH REPORT====
  crasher:
    initial call: rabbitmq:init/1
    pid: <0.337.0>
    registered_name: rabbitmq_server
    exception error: bad argument: [{io,format,[<0.261.0>,"consumer new status: ~p~n",{[<0.340.0>],[],[]}],[]},{rabbitmq,handle_call,3,[{file,"c:/Users/Sina/IdeaProjects/uniSup/erlang_server/src/rabbitmq.erl"},{line,69}]},{gen_server,try_handle_call,4,[{file,"gen_server.erl"},{line,715}]},{gen_server,handle_msg,6,[{file,"gen_server.erl"},{line,744}]},{proc_lib,init_p_do_apply,3,[{file,"proc_lib.erl"},{line,226}]}]
    ancestors: [<0.266.0>]
    message_queue_len: 0
    messages: []
    links: []
    dictionary: [{gen_server_call_timeout,60000},{rand_seed,{#{bits => 58,jump => #Fun<rand.3.47293030>,next => #Fun<rand.0.47293030>,type => exsss,uniform => #Fun<rand.1.47293030>,uniform_n => #Fun<rand.2.47293030>},[120845131141016332|102668494980187192]}}]
    trap_exit: false
    status: running
    heap_size: 2586
    stack_size: 28
    reductions: 1946
  neighbours:
2021-01-07 20:13:28 =ERROR REPORT====
** Generic server rabbitmq_server terminating 
** Last message in was {terminate_consuming_session,"gholi"}
** When Server state == {[<0.340.0>],[],[]}
** Reason for termination ==
** {{badmatch,false},[{rabbitmq,handle_call,3,[{file,"c:/Users/Sina/IdeaProjects/uniSup/erlang_server/src/rabbitmq.erl"},{line,67}]},{gen_server,try_handle_call,4,[{file,"gen_server.erl"},{line,715}]},{gen_server,handle_msg,6,[{file,"gen_server.erl"},{line,744}]},{proc_lib,init_p_do_apply,3,[{file,"proc_lib.erl"},{line,226}]}]}
** Client <0.353.0> stacktrace
** [{gen,do_call,4,[{file,"gen.erl"},{line,208}]},{gen_server,call,2,[{file,"gen_server.erl"},{line,234}]},{rabbitmq,loop_consuming,2,[{file,"c:/Users/Sina/IdeaProjects/uniSup/erlang_server/src/rabbitmq.erl"},{line,176}]}]
2021-01-07 20:13:28 =CRASH REPORT====
  crasher:
    initial call: rabbitmq:init/1
    pid: <0.337.0>
    registered_name: rabbitmq_server
    exception error: {{badmatch,false},[{rabbitmq,handle_call,3,[{file,"c:/Users/Sina/IdeaProjects/uniSup/erlang_server/src/rabbitmq.erl"},{line,67}]},{gen_server,try_handle_call,4,[{file,"gen_server.erl"},{line,715}]},{gen_server,handle_msg,6,[{file,"gen_server.erl"},{line,744}]},{proc_lib,init_p_do_apply,3,[{file,"proc_lib.erl"},{line,226}]}]}
    ancestors: [<0.266.0>]
    message_queue_len: 0
    messages: []
    links: []
    dictionary: [{gen_server_call_timeout,60000},{rand_seed,{#{bits => 58,jump => #Fun<rand.3.47293030>,next => #Fun<rand.0.47293030>,type => exsss,uniform => #Fun<rand.1.47293030>,uniform_n => #Fun<rand.2.47293030>},[180893630769239231|12773782987178936]}}]
    trap_exit: false
    status: running
    heap_size: 1598
    stack_size: 28
    reductions: 2023
  neighbours:
2021-01-07 20:23:23 =ERROR REPORT====
** Generic server rabbitmq_server terminating 
** Last message in was {terminate_consuming_session,"gholi"}
** When Server state == {[<0.340.0>],[],[]}
** Reason for termination ==
** {{badmatch,false},[{rabbitmq,handle_call,3,[{file,"c:/Users/Sina/IdeaProjects/uniSup/erlang_server/src/rabbitmq.erl"},{line,67}]},{gen_server,try_handle_call,4,[{file,"gen_server.erl"},{line,715}]},{gen_server,handle_msg,6,[{file,"gen_server.erl"},{line,744}]},{proc_lib,init_p_do_apply,3,[{file,"proc_lib.erl"},{line,226}]}]}
** Client <0.353.0> stacktrace
** [{gen,do_call,4,[{file,"gen.erl"},{line,208}]},{gen_server,call,2,[{file,"gen_server.erl"},{line,234}]},{rabbitmq,loop_consuming,2,[{file,"c:/Users/Sina/IdeaProjects/uniSup/erlang_server/src/rabbitmq.erl"},{line,176}]}]
2021-01-07 20:23:23 =CRASH REPORT====
  crasher:
    initial call: rabbitmq:init/1
    pid: <0.337.0>
    registered_name: rabbitmq_server
    exception error: {{badmatch,false},[{rabbitmq,handle_call,3,[{file,"c:/Users/Sina/IdeaProjects/uniSup/erlang_server/src/rabbitmq.erl"},{line,67}]},{gen_server,try_handle_call,4,[{file,"gen_server.erl"},{line,715}]},{gen_server,handle_msg,6,[{file,"gen_server.erl"},{line,744}]},{proc_lib,init_p_do_apply,3,[{file,"proc_lib.erl"},{line,226}]}]}
    ancestors: [<0.266.0>]
    message_queue_len: 0
    messages: []
    links: []
    dictionary: [{rand_seed,{#{bits => 58,jump => #Fun<rand.3.47293030>,next => #Fun<rand.0.47293030>,type => exsss,uniform => #Fun<rand.1.47293030>,uniform_n => #Fun<rand.2.47293030>},[154934109102861504|100184001512322988]}},{gen_server_call_timeout,60000}]
    trap_exit: false
    status: running
    heap_size: 1598
    stack_size: 28
    reductions: 2023
  neighbours:
